[    0.000000] Initializing cgroup subsys cpuset
[    0.000000] Initializing cgroup subsys cpu
[    0.000000] Initializing cgroup subsys cpuacct
[    0.000000] Linux version 4.4.0-210-generic (buildd@lgw01-amd64-009) (gcc version 5.4.0 20160609 (Ubuntu 5.4.0-6ubuntu1~16.04.12) ) #242-Ubuntu SMP Fri Apr 16 09:57:56 UTC 2021 (Ubuntu 4.4.0-210.242-generic 4.4.262)
[    0.000000] Command line: BOOT_IMAGE=/boot/vmlinuz-4.4.0-210-generic root=LABEL=cloudimg-rootfs ro console=tty1 console=ttyS0
[    0.000000] KERNEL supported cpus:
[    0.000000]   Intel GenuineIntel
[    0.000000]   AMD AuthenticAMD
[    0.000000]   Centaur CentaurHauls
[    0.000000] x86/fpu: Legacy x87 FPU detected.
[    0.000000] e820: BIOS-provided physical RAM map:
[    0.000000] BIOS-e820: [mem 0x0000000000000000-0x000000000009fbff] usable
[    0.000000] BIOS-e820: [mem 0x000000000009fc00-0x000000000009ffff] reserved
[    0.000000] BIOS-e820: [mem 0x00000000000f0000-0x00000000000fffff] reserved
[    0.000000] BIOS-e820: [mem 0x0000000000100000-0x000000003ffeffff] usable
[    0.000000] BIOS-e820: [mem 0x000000003fff0000-0x000000003fffffff] ACPI data
[    0.000000] BIOS-e820: [mem 0x00000000fec00000-0x00000000fec00fff] reserved
[    0.000000] BIOS-e820: [mem 0x00000000fee00000-0x00000000fee00fff] reserved
[    0.000000] BIOS-e820: [mem 0x00000000fffc0000-0x00000000ffffffff] reserved
[    0.000000] NX (Execute Disable) protection: active
[    0.000000] SMBIOS 2.5 present.
[    0.000000] Hypervisor detected: KVM
[    0.000000] Kernel/User page tables isolation: disabled
[    0.000000] e820: last_pfn = 0x3fff0 max_arch_pfn = 0x400000000
[    0.000000] MTRR: Disabled
[    0.000000] x86/PAT: MTRRs disabled, skipping PAT initialization too.
[    0.000000] CPU MTRRs all blank - virtualized system.
[    0.000000] x86/PAT: Configuration [0-7]: WB  WT  UC- UC  WB  WT  UC- UC  
[    0.000000] found SMP MP-table at [mem 0x0009fff0-0x0009ffff] mapped at [ffff88000009fff0]
[    0.000000] Scanning 1 areas for low memory corruption
[    0.000000] RAMDISK: [mem 0x362dc000-0x37165fff]
[    0.000000] ACPI: Early table checksum verification disabled
[    0.000000] ACPI: RSDP 0x00000000000E0000 000024 (v02 VBOX  )
[    0.000000] ACPI: XSDT 0x000000003FFF0030 00003C (v01 VBOX   VBOXXSDT 00000001 ASL  00000061)
[    0.000000] ACPI: FACP 0x000000003FFF00F0 0000F4 (v04 VBOX   VBOXFACP 00000001 ASL  00000061)
[    0.000000] ACPI: DSDT 0x000000003FFF0470 002325 (v02 VBOX   VBOXBIOS 00000002 INTL 20100528)
[    0.000000] ACPI: FACS 0x000000003FFF0200 000040
[    0.000000] ACPI: FACS 0x000000003FFF0200 000040
[    0.000000] ACPI: APIC 0x000000003FFF0240 00005C (v02 VBOX   VBOXAPIC 00000001 ASL  00000061)
[    0.000000] ACPI: SSDT 0x000000003FFF02A0 0001CC (v01 VBOX   VBOXCPUT 00000002 INTL 20100528)
[    0.000000] No NUMA configuration found
[    0.000000] Faking a node at [mem 0x0000000000000000-0x000000003ffeffff]
[    0.000000] NODE_DATA(0) allocated [mem 0x3ffeb000-0x3ffeffff]
[    0.000000] kvm-clock: Using msrs 4b564d01 and 4b564d00
[    0.000000] kvm-clock: cpu 0, msr 0:3ffe3001, primary cpu clock
[    0.000000] kvm-clock: using sched offset of 3065017671 cycles
[    0.000000] clocksource: kvm-clock: mask: 0xffffffffffffffff max_cycles: 0x1cd42e4dffb, max_idle_ns: 881590591483 ns
[    0.000000] Zone ranges:
[    0.000000]   DMA      [mem 0x0000000000001000-0x0000000000ffffff]
[    0.000000]   DMA32    [mem 0x0000000001000000-0x000000003ffeffff]
[    0.000000]   Normal   empty
[    0.000000]   Device   empty
[    0.000000] Movable zone start for each node
[    0.000000] Early memory node ranges
[    0.000000]   node   0: [mem 0x0000000000001000-0x000000000009efff]
[    0.000000]   node   0: [mem 0x0000000000100000-0x000000003ffeffff]
[    0.000000] Initmem setup node 0 [mem 0x0000000000001000-0x000000003ffeffff]
[    0.000000] ACPI: PM-Timer IO Port: 0x4008
[    0.000000] IOAPIC[0]: apic_id 2, version 32, address 0xfec00000, GSI 0-23
[    0.000000] ACPI: INT_SRC_OVR (bus 0 bus_irq 0 global_irq 2 dfl dfl)
[    0.000000] ACPI: INT_SRC_OVR (bus 0 bus_irq 9 global_irq 9 low level)
[    0.000000] Using ACPI (MADT) for SMP configuration information
[    0.000000] smpboot: Allowing 2 CPUs, 0 hotplug CPUs
[    0.000000] PM: Registered nosave memory: [mem 0x00000000-0x00000fff]
[    0.000000] PM: Registered nosave memory: [mem 0x0009f000-0x0009ffff]
[    0.000000] PM: Registered nosave memory: [mem 0x000a0000-0x000effff]
[    0.000000] PM: Registered nosave memory: [mem 0x000f0000-0x000fffff]
[    0.000000] e820: [mem 0x40000000-0xfebfffff] available for PCI devices
[    0.000000] Booting paravirtualized kernel on KVM
[    0.000000] clocksource: refined-jiffies: mask: 0xffffffff max_cycles: 0xffffffff, max_idle_ns: 7645519600211568 ns
[    0.000000] setup_percpu: NR_CPUS:512 nr_cpumask_bits:512 nr_cpu_ids:2 nr_node_ids:1
[    0.000000] PERCPU: Embedded 33 pages/cpu @ffff88003fc00000 s95192 r8192 d31784 u1048576
[    0.000000] Built 1 zonelists in Node order, mobility grouping on.  Total pages: 257912
[    0.000000] Policy zone: DMA32
[    0.000000] Kernel command line: BOOT_IMAGE=/boot/vmlinuz-4.4.0-210-generic root=LABEL=cloudimg-rootfs ro console=tty1 console=ttyS0
[    0.000000] PID hash table entries: 4096 (order: 3, 32768 bytes)
[    0.000000] Memory: 997792K/1048120K available (8644K kernel code, 1332K rwdata, 4044K rodata, 1492K init, 1164K bss, 50328K reserved, 0K cma-reserved)
[    0.000000] SLUB: HWalign=64, Order=0-3, MinObjects=0, CPUs=2, Nodes=1
[    0.000000] Hierarchical RCU implementation.
[    0.000000] 	Build-time adjustment of leaf fanout to 64.
[    0.000000] 	RCU restricting CPUs from NR_CPUS=512 to nr_cpu_ids=2.
[    0.000000] RCU: Adjusting geometry for rcu_fanout_leaf=64, nr_cpu_ids=2
[    0.000000] NR_IRQS:33024 nr_irqs:440 16
[    0.000000] Console: colour VGA+ 80x25
[    0.000000] console [tty1] enabled
[    0.000000] console [ttyS0] enabled
[    0.000000] tsc: Detected 3187.200 MHz processor
[    0.215492] Calibrating delay loop (skipped) preset value.. 6374.40 BogoMIPS (lpj=12748800)
[    0.218559] pid_max: default: 32768 minimum: 301
[    0.220234] ACPI: Core revision 20150930
[    0.222273] ACPI: 2 ACPI AML tables successfully acquired and loaded
[    0.224684] Security Framework initialized
[    0.226600] Yama: becoming mindful.
[    0.227928] AppArmor: AppArmor initialized
[    0.229502] Dentry cache hash table entries: 131072 (order: 8, 1048576 bytes)
[    0.233114] Inode-cache hash table entries: 65536 (order: 7, 524288 bytes)
[    0.237564] Mount-cache hash table entries: 2048 (order: 2, 16384 bytes)
[    0.241681] Mountpoint-cache hash table entries: 2048 (order: 2, 16384 bytes)
[    0.244244] Initializing cgroup subsys io
[    0.245761] Initializing cgroup subsys memory
[    0.247302] Initializing cgroup subsys devices
[    0.248936] Initializing cgroup subsys freezer
[    0.251342] Initializing cgroup subsys net_cls
[    0.252899] Initializing cgroup subsys perf_event
[    0.255057] Initializing cgroup subsys net_prio
[    0.256597] Initializing cgroup subsys hugetlb
[    0.258135] Initializing cgroup subsys pids
[    0.259876] mce: CPU supports 0 MCE banks
[    0.261334] Last level iTLB entries: 4KB 0, 2MB 0, 4MB 0
[    0.263041] Last level dTLB entries: 4KB 0, 2MB 0, 4MB 0, 1GB 0
[    0.264960] Spectre V1 : Mitigation: usercopy/swapgs barriers and __user pointer sanitization
[    0.270218] Spectre V2 : Mitigation: Enhanced IBRS
[    0.271867] Spectre V2 : Spectre v2 / SpectreRSB mitigation: Filling RSB on context switch
[    0.274786] Speculative Store Bypass: Vulnerable
[    0.289260] Freeing SMP alternatives memory: 36K
[    0.322198] ftrace: allocating 32380 entries in 127 pages
[    0.526361] smpboot: APIC(0) Converting physical 0 to logical package 0
[    0.528479] smpboot: Max logical packages: 1
[    0.535087] ..TIMER: vector=0x30 apic1=0 pin1=2 apic2=-1 pin2=-1
[    0.645490] smpboot: CPU0: 12th Gen Intel(R) Core(TM) i9-12900KF (family: 0x6, model: 0x97, stepping: 0x2)
[    0.649194] Performance Events: unsupported p6 CPU model 151 no PMU driver, software events only.
[    0.684873] KVM setup paravirtual spinlock
[    0.687348] x86: Booting SMP configuration:
[    0.688701] .... node  #0, CPUs:      #1
[    0.690568] kvm-clock: cpu 1, msr 0:3ffe3041, secondary cpu clock
[    0.692329] mce: CPU supports 0 MCE banks
[    0.694997] TSC synchronization [CPU#0 -> CPU#1]:
[    0.696649] Measured 47472 cycles TSC warp between CPUs, turning off TSC clock.
[    0.699418] tsc: Marking TSC unstable due to check_tsc_sync_source failed
[    0.701962] x86: Booted up 1 node, 2 CPUs
[    0.703341] smpboot: Total of 2 processors activated (12748.80 BogoMIPS)
[    0.284692] devtmpfs: initialized
[    0.285729] evm: security.selinux
[    0.288002] evm: security.SMACK64
[    0.289191] evm: security.SMACK64EXEC
[    0.290376] evm: security.SMACK64TRANSMUTE
[    0.292001] evm: security.SMACK64MMAP
[    0.293201] evm: security.ima
[    0.294200] evm: security.capability
[    0.296112] clocksource: jiffies: mask: 0xffffffff max_cycles: 0xffffffff, max_idle_ns: 7645041785100000 ns
[    0.299091] futex hash table entries: 512 (order: 3, 32768 bytes)
[    0.300132] pinctrl core: initialized pinctrl subsystem
[    0.301958] RTC time: 21:42:16, date: 12/10/22
[    0.304357] NET: Registered protocol family 16
[    0.316007] cpuidle: using governor ladder
[    0.328007] cpuidle: using governor menu
[    0.329325] PCCT header not found.
[    0.330584] ACPI: bus type PCI registered
[    0.331925] acpiphp: ACPI Hot Plug PCI Controller Driver version: 0.5
[    0.332185] PCI: Using configuration type 1 for base access
[    0.348206] ACPI: Added _OSI(Module Device)
[    0.349512] ACPI: Added _OSI(Processor Device)
[    0.352002] ACPI: Added _OSI(3.0 _SCP Extensions)
[    0.353592] ACPI: Added _OSI(Processor Aggregator Device)
[    0.356393] ACPI: Executed 1 blocks of module-level executable AML code
[    0.360601] ACPI: Interpreter enabled
[    0.361865] ACPI: (supports S0 S5)
[    0.363121] ACPI: Using IOAPIC for interrupt routing
[    0.364123] PCI: Using host bridge windows from ACPI; if necessary, use "pci=nocrs" and report a bug
[    0.370666] ACPI: PCI Root Bridge [PCI0] (domain 0000 [bus 00-ff])
[    0.372004] acpi PNP0A03:00: _OSC: OS supports [ASPM ClockPM Segments MSI]
[    0.374519] acpi PNP0A03:00: _OSC: not requesting OS control; OS requires [ExtendedConfig ASPM ClockPM MSI]
[    0.376006] acpi PNP0A03:00: fail to add MMCONFIG information, can't access extended PCI configuration space under this bridge.
[    0.380248] PCI host bridge to bus 0000:00
[    0.381657] pci_bus 0000:00: root bus resource [io  0x0000-0x0cf7 window]
[    0.384002] pci_bus 0000:00: root bus resource [io  0x0d00-0xffff window]
[    0.388001] pci_bus 0000:00: root bus resource [mem 0x000a0000-0x000bffff window]
[    0.390369] pci_bus 0000:00: root bus resource [mem 0x40000000-0xfdffffff window]
[    0.392002] pci_bus 0000:00: root bus resource [bus 00-ff]
[    0.397234] pci 0000:00:01.1: legacy IDE quirk: reg 0x10: [io  0x01f0-0x01f7]
[    0.399402] pci 0000:00:01.1: legacy IDE quirk: reg 0x14: [io  0x03f6]
[    0.400001] pci 0000:00:01.1: legacy IDE quirk: reg 0x18: [io  0x0170-0x0177]
[    0.402201] pci 0000:00:01.1: legacy IDE quirk: reg 0x1c: [io  0x0376]
[    0.412505] pci 0000:00:07.0: quirk: [io  0x4000-0x403f] claimed by PIIX4 ACPI
[    0.415003] pci 0000:00:07.0: quirk: [io  0x4100-0x410f] claimed by PIIX4 SMB
[    0.421020] ACPI: PCI Interrupt Link [LNKA] (IRQs 5 9 10 *11)
[    0.423700] ACPI: PCI Interrupt Link [LNKB] (IRQs 5 9 *10 11)
[    0.428067] ACPI: PCI Interrupt Link [LNKC] (IRQs 5 *9 10 11)
[    0.430833] ACPI: PCI Interrupt Link [LNKD] (IRQs 5 9 10 *11)
[    0.433323] ACPI: Enabled 2 GPEs in block 00 to 07
[    0.436096] vgaarb: setting as boot device: PCI:0000:00:02.0
[    0.438145] vgaarb: device added: PCI:0000:00:02.0,decodes=io+mem,owns=io+mem,locks=none
[    0.440003] vgaarb: loaded
[    0.441149] vgaarb: bridge control possible 0000:00:02.0
[    0.444173] SCSI subsystem initialized
[    0.445548] ACPI: bus type USB registered
[    0.448019] usbcore: registered new interface driver usbfs
[    0.449838] usbcore: registered new interface driver hub
[    0.451586] usbcore: registered new device driver usb
[    0.452174] PCI: Using ACPI for IRQ routing
[    0.456373] NetLabel: Initializing
[    0.457564] NetLabel:  domain hash size = 128
[    0.459058] NetLabel:  protocols = UNLABELED CIPSOv4
[    0.460008] NetLabel:  unlabeled traffic allowed by default
[    0.461917] amd_nb: Cannot enumerate AMD northbridges
[    0.464180] clocksource: Switched to clocksource kvm-clock
[    0.472106] AppArmor: AppArmor Filesystem Enabled
[    0.472106] pnp: PnP ACPI init
[    0.472106] pnp: PnP ACPI: found 3 devices
[    0.498594] clocksource: acpi_pm: mask: 0xffffff max_cycles: 0xffffff, max_idle_ns: 2085701024 ns
[    0.501638] NET: Registered protocol family 2
[    0.503377] TCP established hash table entries: 8192 (order: 4, 65536 bytes)
[    0.505785] TCP bind hash table entries: 8192 (order: 5, 131072 bytes)
[    0.507942] TCP: Hash tables configured (established 8192 bind 8192)
[    0.510139] UDP hash table entries: 512 (order: 2, 16384 bytes)
[    0.511999] UDP-Lite hash table entries: 512 (order: 2, 16384 bytes)
[    0.513967] NET: Registered protocol family 1
[    0.513967] pci 0000:00:00.0: Limiting direct PCI/PCI transfers
[    0.513967] pci 0000:00:01.0: Activating ISA DMA hang workarounds
[    0.513967] Unpacking initramfs...
[    0.537367] Freeing initrd memory: 14888K
[    0.537367] clocksource: tsc: mask: 0xffffffffffffffff max_cycles: 0x2df10e7656b, max_idle_ns: 440795364873 ns
[    0.537367] platform rtc_cmos: registered platform RTC device (no PNP device found)
[    0.537367] Scanning for low memory corruption every 60 seconds
[    0.697945] audit: initializing netlink subsys (disabled)
[    0.699800] audit: type=2000 audit(1670708541.133:1): initialized
[    0.702058] Initialise system trusted keyring
[    0.704179] HugeTLB registered 2 MB page size, pre-allocated 0 pages
[    0.706982] zbud: loaded
[    0.708253] VFS: Disk quotas dquot_6.6.0
[    0.709644] VFS: Dquot-cache hash table entries: 512 (order 0, 4096 bytes)
[    0.712228] squashfs: version 4.0 (2009/01/31) Phillip Lougher
[    0.714553] fuse init (API version 7.23)
[    0.716171] Key type big_key registered
[    0.717597] Allocating IMA MOK and blacklist keyrings.
[    0.724327] Key type asymmetric registered
[    0.725734] Asymmetric key parser 'x509' registered
[    0.727395] Block layer SCSI generic (bsg) driver version 0.4 loaded (major 249)
[    0.730276] io scheduler noop registered
[    0.731558] io scheduler deadline registered (default)
[    0.733247] io scheduler cfq registered
[    0.734716] pci_hotplug: PCI Hot Plug PCI Core version: 0.5
[    0.736652] pciehp: PCI Express Hot Plug Controller Driver version: 0.4
[    0.738972] ACPI: AC Adapter [AC] (on-line)
[    0.740765] input: Power Button as /devices/LNXSYSTM:00/LNXPWRBN:00/input/input0
[    0.743074] ACPI: Power Button [PWRF]
[    0.744446] input: Sleep Button as /devices/LNXSYSTM:00/LNXSLPBN:00/input/input1
[    0.746742] ACPI: Sleep Button [SLPF]
[    0.748670] GHES: HEST is not enabled!
[    0.750264] Serial: 8250/16550 driver, 32 ports, IRQ sharing enabled
[    0.774834] 00:02: ttyS0 at I/O 0x3f8 (irq = 4, base_baud = 115200) is a 16550A
[    0.784158] Linux agpgart interface v0.103
[    0.790673] loop: module loaded
[    0.792991] scsi host0: ata_piix
[    0.794496] scsi host1: ata_piix
[    0.795677] ata1: PATA max UDMA/33 cmd 0x1f0 ctl 0x3f6 bmdma 0xd000 irq 14
[    0.798015] ata2: PATA max UDMA/33 cmd 0x170 ctl 0x376 bmdma 0xd008 irq 15
[    0.800313] libphy: Fixed MDIO Bus: probed
[    0.801905] tun: Universal TUN/TAP device driver, 1.6
[    0.803730] tun: (C) 1999-2004 Max Krasnyansky <maxk@qualcomm.com>
[    0.806069] PPP generic driver version 2.4.2
[    0.807690] ehci_hcd: USB 2.0 'Enhanced' Host Controller (EHCI) Driver
[    0.809960] ehci-pci: EHCI PCI platform driver
[    0.811531] ehci-platform: EHCI generic platform driver
[    0.813337] ohci_hcd: USB 1.1 'Open' Host Controller (OHCI) Driver
[    0.815289] ohci-pci: OHCI PCI platform driver
[    0.816853] ohci-platform: OHCI generic platform driver
[    0.818585] uhci_hcd: USB Universal Host Controller Interface driver
[    0.820659] i8042: PNP: PS/2 Controller [PNP0303:PS2K,PNP0f03:PS2M] at 0x60,0x64 irq 1,12
[    0.824701] serio: i8042 KBD port at 0x60,0x64 irq 1
[    0.826269] serio: i8042 AUX port at 0x60,0x64 irq 12
[    0.828471] mousedev: PS/2 mouse device common for all mice
[    0.831798] rtc_cmos rtc_cmos: rtc core: registered rtc_cmos as rtc0
[    0.834368] input: AT Translated Set 2 keyboard as /devices/platform/i8042/serio0/input/input2
[    0.837574] rtc_cmos rtc_cmos: alarms up to one day, 114 bytes nvram
[    0.839691] i2c /dev entries driver
[    0.841112] device-mapper: uevent: version 1.0.3
[    0.842819] device-mapper: ioctl: 4.34.0-ioctl (2015-10-28) initialised: dm-devel@redhat.com
[    0.845671] ledtrig-cpu: registered to indicate activity on CPUs
[    0.848830] NET: Registered protocol family 10
[    0.850547] NET: Registered protocol family 17
[    0.851983] Key type dns_resolver registered
[    0.854653] registered taskstats version 1
[    0.856148] Loading compiled-in X.509 certificates
[    0.858056] Loaded X.509 cert 'Build time autogenerated kernel key: cf00e047681d67edb2720680708b7d9498083038'
[    0.861184] zswap: loaded using pool lzo/zbud
[    0.864419] Key type trusted registered
[    0.868860] Key type encrypted registered
[    0.870270] AppArmor: AppArmor sha1 policy hashing enabled
[    0.872012] ima: No TPM chip found, activating TPM-bypass!
[    0.873882] ima: Allocated hash algorithm: sha1
[    0.875363] evm: HMAC attrs: 0x1
[    0.877161]   Magic number: 2:701:752
[    0.878403] tty ttyS3: hash matches
[    0.879729] rtc_cmos rtc_cmos: setting system clock to 2022-12-10 21:42:17 UTC (1670708537)
[    0.882652] BIOS EDD facility v0.16 2004-Jun-25, 0 devices found
[    0.884593] EDD information not available.
[    0.990187] Freeing unused kernel memory: 1492K
[    0.991698] Write protecting the kernel read-only data: 14336k
[    0.994178] Freeing unused kernel memory: 1584K
[    0.995819] Freeing unused kernel memory: 52K
Loading, please wait...
starting version 229
[    1.008593] random: systemd-udevd: uninitialized urandom read (16 bytes read, 2 bits of entropy available)
[    1.008726] random: udevadm: uninitialized urandom read (16 bytes read, 2 bits of entropy available)
[    1.008733] random: udevadm: uninitialized urandom read (16 bytes read, 2 bits of entropy available)
[    1.013038] random: udevadm: uninitialized urandom read (16 bytes read, 2 bits of entropy available)
[    1.013055] random: udevadm: uninitialized urandom read (16 bytes read, 2 bits of entropy available)
[    1.013121] random: udevadm: uninitialized urandom read (16 bytes read, 2 bits of entropy available)
[    1.013138] random: udevadm: uninitialized urandom read (16 bytes read, 2 bits of entropy available)
[    1.013153] random: udevadm: uninitialized urandom read (16 bytes read, 2 bits of entropy available)
[    1.013183] random: udevadm: uninitialized urandom read (16 bytes read, 2 bits of entropy available)
[    1.013206] random: udevadm: uninitialized urandom read (16 bytes read, 2 bits of entropy available)
[    1.065594] e1000: Intel(R) PRO/1000 Network Driver - version 7.3.21-k8-NAPI
[    1.067975] e1000: Copyright (c) 1999-2006 Intel Corporation.
[    1.070515] Fusion MPT base driver 3.04.20
[    1.071861] Copyright (c) 1999-2008 LSI Corporation
[    1.086472] Fusion MPT SPI Host driver 3.04.20
[    1.335172] input: ImExPS/2 Generic Explorer Mouse as /devices/platform/i8042/serio1/input/input4
[    1.504101] e1000 0000:00:03.0 eth0: (PCI:33MHz:32-bit) 02:be:82:6b:cc:1d
[    1.506566] e1000 0000:00:03.0 eth0: Intel(R) PRO/1000 Network Connection
[    1.509497] mptbase: ioc0: Initiating bringup
[    1.590908] ioc0: LSI53C1030 A0: Capabilities={Initiator}
[    2.188321] scsi host2: ioc0: LSI53C1030 A0, FwRev=00000000h, Ports=1, MaxQ=256, IRQ=20
[    2.329602] scsi 2:0:0:0: Direct-Access     VBOX     HARDDISK         1.0  PQ: 0 ANSI: 5
[    2.332375] scsi target2:0:0: Beginning Domain Validation
[    2.340436] scsi target2:0:0: Domain Validation skipping write tests
[    2.342551] scsi target2:0:0: Ending Domain Validation
[    2.344429] scsi target2:0:0: asynchronous
[    2.346790] scsi 2:0:1:0: Direct-Access     VBOX     HARDDISK         1.0  PQ: 0 ANSI: 5
[    2.349612] scsi target2:0:1: Beginning Domain Validation
[    2.355833] scsi target2:0:1: Domain Validation skipping write tests
[    2.357984] scsi target2:0:1: Ending Domain Validation
[    2.360008] scsi target2:0:1: asynchronous
[    2.512653] sd 2:0:0:0: Attached scsi generic sg0 type 0
[    2.514551] sd 2:0:0:0: [sda] 83886080 512-byte logical blocks: (42.9 GB/40.0 GiB)
[    2.517566] sd 2:0:1:0: [sdb] 20480 512-byte logical blocks: (10.5 MB/10.0 MiB)
[    2.520474] sd 2:0:1:0: Attached scsi generic sg1 type 0
[    2.522879] sd 2:0:1:0: [sdb] Write Protect is off
[    2.524835] sd 2:0:0:0: [sda] Write Protect is off
[    2.534674] sd 2:0:1:0: [sdb] Incomplete mode parameter data
[    2.536660] sd 2:0:1:0: [sdb] Assuming drive cache: write through
[    2.538830] sd 2:0:0:0: [sda] Incomplete mode parameter data
[    2.541459] sd 2:0:0:0: [sda] Assuming drive cache: write through
[    2.546218]  sda: sda1
[    2.548654] sd 2:0:1:0: [sdb] Attached SCSI disk
[    2.551723] sd 2:0:0:0: [sda] Attached SCSI disk
[    2.751438] e1000 0000:00:08.0 eth1: (PCI:33MHz:32-bit) 08:00:27:64:cf:2d
[    2.753769] e1000 0000:00:08.0 eth1: Intel(R) PRO/1000 Network Connection
[    2.757091] e1000 0000:00:03.0 enp0s3: renamed from eth0
[    2.776302] e1000 0000:00:08.0 enp0s8: renamed from eth1
Begin: Loading essential drivers ... [    4.082659] md: linear personality registered for level -1
[    4.086606] md: multipath personality registered for level -4
[    4.090160] md: raid0 personality registered for level 0
[    4.097350] md: raid1 personality registered for level 1
[    4.515050] raid6: sse2x1   gen() 165375 MB/s
[    6.516379] raid6: sse2x1   xor() 271505 MB/s
[    8.517661] raid6: sse2x2   gen() 522369 MB/s
[    9.608287] raid6: sse2x2   xor() 28941 MB/s
[    9.700286] raid6: sse2x4   gen() 38605 MB/s
[    9.782390] raid6: sse2x4   xor() 17341 MB/s
[    9.784010] raid6: using algorithm sse2x2 gen() 522369 MB/s
[    9.786096] raid6: .... xor() 28941 MB/s, rmw enabled
[    9.787928] raid6: using ssse3x2 recovery algorithm
[    9.790795] xor: measuring software checksum speed
[    9.832070]    prefetch64-sse: 38560.000 MB/sec
[    9.872032]    generic_sse: 35235.000 MB/sec
[    9.873528] xor: using function: prefetch64-sse (38560.000 MB/sec)
[    9.876641] async_tx: api initialized (async)
[    9.893992] md: raid6 personality registered for level 6
[    9.895796] md: raid5 personality registered for level 5
[    9.897743] md: raid4 personality registered for level 4
[    9.909346] md: raid10 personality registered for level 10
done.
Begin: Running /scripts/init-premount ... done.
Begin: Mounting root file system ... Begin: Running /scripts/local-top ... done.
Begin: Running /scripts/local-premount ... [    9.946342] Btrfs loaded
Scanning for Btrfs filesystems
done.
Warning: fsck not present, so skipping root file system
[    9.972674] EXT4-fs (sda1): mounted filesystem with ordered data mode. Opts: (null)
done.
Begin: Running /scripts/local-bottom ... done.
Begin: Running /scripts/init-bottom ... done.
[   10.054101] systemd[1]: systemd 229 running in system mode. (+PAM +AUDIT +SELINUX +IMA +APPARMOR +SMACK +SYSVINIT +UTMP +LIBCRYPTSETUP +GCRYPT +GNUTLS +ACL +XZ -LZ4 +SECCOMP +BLKID +ELFUTILS +KMOD -IDN)
[   10.059830] systemd[1]: Detected virtualization oracle.
[   10.061728] systemd[1]: Detected architecture x86-64.

Welcome to [1mUbuntu 16.04.7 LTS[0m!

[   10.067863] systemd[1]: Set hostname to <ubuntu>.
[   10.072504] systemd[1]: Initializing machine ID from random generator.
[   10.074802] systemd[1]: Installed transient /etc/machine-id file.
[   10.174624] systemd[1]: Started Trigger resolvconf update for networkd DNS.
[[0;32m  OK  [0m] Started Trigger resolvconf update for networkd DNS.
[   10.179743] systemd[1]: Reached target Swap.
[[0;32m  OK  [0m] Reached target Swap.
[   10.183527] systemd[1]: Reached target System Time Synchronized.
[[0;32m  OK  [0m] Reached target System Time Synchronized.
[   10.188297] systemd[1]: Listening on Device-mapper event daemon FIFOs.
[[0;32m  OK  [0m] Listening on Device-mapper event daemon FIFOs.
[   10.193088] systemd[1]: Set up automount Arbitrary Executable File Formats File System Automount Point.
[[0;32m  OK  [0m] Set up automount Arbitrary Executab...ats File System Automount Point.
[   10.198576] systemd[1]: Reached target Encrypted Volumes.
[[0;32m  OK  [0m] Reached target Encrypted Volumes.
[   10.203011] systemd[1]: Listening on /dev/initctl Compatibility Named Pipe.
[[0;32m  OK  [0m] Listening on /dev/initctl Compatibility Named Pipe.
[   10.207880] systemd[1]: Listening on LVM2 poll daemon socket.
[[0;32m  OK  [0m] Listening on LVM2 poll daemon socket.
[   10.212454] systemd[1]: Started Forward Password Requests to Wall Directory Watch.
[[0;32m  OK  [0m] Started Forward Password Requests to Wall Directory Watch.
[   10.217774] systemd[1]: Listening on Journal Socket.
[[0;32m  OK  [0m] Listening on Journal Socket.
[   10.221909] systemd[1]: Created slice System Slice.
[[0;32m  OK  [0m] Created slice System Slice.
[   10.226043] systemd[1]: Created slice system-serial\x2dgetty.slice.
[[0;32m  OK  [0m] Created slice system-serial\x2dgetty.slice.
[   10.240136] systemd[1]: Starting Uncomplicated firewall...
         Starting Uncomplicated firewall...
[   10.244441] systemd[1]: Mounting POSIX Message Queue File System...
         Mounting POSIX Message Queue File System...
[   10.249404] systemd[1]: Starting Load Kernel Modules...
         Starting Load Kernel Modules...
[   10.254945] systemd[1]: Starting Nameserver information manager...
         Starting Nameserver information manager...
[   10.259560] systemd[1]: Mounting Debug File System...
[   10.262233] Loading iSCSI transport class v2.0-870.
         Mounting Debug File System...
[   10.264859] systemd[1]: Listening on udev Kernel Socket.
[[0;32m  OK  [0m] Listening on udev Kernel Socket.
[   10.270255] systemd[1]: Listening on Journal Audit Socket.
[   10.272874] iscsi: registered transport (tcp)
[[0;32m  OK  [0m] Listening on Journal Audit Socket.
[   10.276807] systemd[1]: Mounting Huge Pages File System...
         Mounting Huge Pages File System...
[   10.281176] systemd[1]: Starting Create list of required static device nodes for the current kernel...
         Starting Create list of required st... nodes for the current kernel...
[   10.288169] systemd[1]: Listening on Journal Socket (/dev/log).
[[0;32m  OK  [0m] Listening on Journal Socket (/dev/log).
[   10.293606] systemd[1]: Listening on Syslog Socket.
[[0;32m  OK  [0m] Listening on Syslog Socket.
[   10.298648] systemd[1]: Starting Journal Service...
         Starting Journal Service...
[   10.305642] systemd[1]: Created slice User and Session Slice.
[[0;32m  OK  [0m] Created slice User and Session Slice.
[   10.312893] systemd[1]: Reached target Slices.
[[0;32m  OK  [0m] Reached target Slices.
[   10.315684] systemd[1]: Listening on fsck to fsckd communication Socket.
[[0;32m  OK  [0m] Listening on fsck to fsckd communication Socket.
[   10.321200] systemd[1]: Starting File System Check on Root Device...
         Starting File System Check on Root Device...
[   10.325844] systemd[1]: Listening on LVM2 metadata daemon socket.
[[0;32m  OK  [0m] Listening on LVM2 metadata daemon socket.
[   10.329738] systemd[1]: Starting Monitoring of LVM2 mirrors, snapshots etc. using dmeventd or progress polling...
         Starting Monitoring of LVM2 mirrors... dmeventd or progress polling...
[   10.335477] systemd[1]: Starting Set console keymap...
         Starting Set console keymap...
[   10.341654] systemd[1]: Listening on udev Control Socket.
[[0;32m  OK  [0m] Listening on udev Control Socket.
[   10.344845] systemd[1]: Reached target User and Group Name Lookups.
[[0;32m  OK  [0m] Reached target User and Group Name Lookups.
[   10.349609] systemd[1]: Mounted Huge Pages File System.
[[0;32m  OK  [0m] Mounted Huge Pages File System.
[   10.353016] systemd[1]: Mounted POSIX Message Queue File System.
[[0;32m  OK  [0m] Mounted POSIX Message Queue File System.
[   10.356883] systemd[1]: Mounted Debug File System.
[[0;32m  OK  [0m] Mounted Debug File System.
[   10.359867] systemd[1]: Started Journal Service.
[[0;32m  OK  [0m] Started Journal Service.
[[0;32m  OK  [0m] Started Uncomplicated firewall.
[[0;32m  OK  [0m] Started Create list of required sta...ce nodes for the current kernel.
[[0;32m  OK  [0m] Started Nameserver information manager.
[[0;32m  OK  [0m] Started LVM2 metadata daemon.
[[0;32m  OK  [0m] Started File System Check Daemon to report status.
         Starting Create Static Device Nodes in /dev...
[[0;32m  OK  [0m] Started File System Check on Root Device.
         Starting Remount Root and Kernel File Systems...
[   10.383343] EXT4-fs (sda1): re-mounted. Opts: (null)
[   10.385962] iscsi: registered transport (iser)
[[0;32m  OK  [0m] Started Remount Root and Kernel File Systems.
[[0;32m  OK  [0m] Started Set console keymap.
[[0;32m  OK  [0m] Started Load Kernel Modules.
         Mounting FUSE Control File System...
         Starting Apply Kernel Variables...
         Starting Flush Journal to Persistent Storage...
         Starting udev Coldplug all Devices...
         Starting Load/Save Random Seed...
[[0;32m  OK  [0m] Mounted FUSE Control File System.
[[0;32m  OK  [0m] Started Create Static Device Nodes in /dev.
         Starting udev Kernel Device Manager...
[   10.423721] systemd-journald[373]: Received request to flush runtime journal from PID 1
[[0;32m  OK  [0m] Started Load/Save Random Seed.
[[0;32m  OK  [0m] Started Apply Kernel Variables.
[[0;32m  OK  [0m] Started Flush Journal to Persistent Storage.
[[0;32m  OK  [0m] Started udev Kernel Device Manager.
[[0;32m  OK  [0m] Started udev Coldplug all Devices.
[[0;32m  OK  [0m] Started Dispatch Password Requests to Console Directory Watch.
[[0;32m  OK  [0m] Found device /dev/ttyS0.
[[0;32m  OK  [0m] Listening on Load/Save RF Kill Switch Status /dev/rfkill Watch.
[[0;32m  OK  [0m] Started Monitoring of LVM2 mirrors,...ng dmeventd or progress polling.
[[0;32m  OK  [0m] Reached target Local File Systems (Pre).
[[0;32m  OK  [0m] Reached target Local File Systems.
         Starting Create Volatile Files and Directories...
         Starting Commit a transient machine-id on disk...
         Starting Set console font and keymap...
         Starting Tell Plymouth To Write Out Runtime Data...
         Starting Initial cloud-init job (pre-networking)...
         Starting LSB: AppArmor initialization...
[[0;32m  OK  [0m] Started Create Volatile Files and Directories.
         Starting Update UTMP about System Boot/Shutdown...
[[0;32m  OK  [0m] Started Update UTMP about System Boot/Shutdown.
[[0;32m  OK  [0m] Started Tell Plymouth To Write Out Runtime Data.
[[0;32m  OK  [0m] Started Commit a transient machine-id on disk.
[[0;32m  OK  [0m] Started LSB: AppArmor initialization.
         Starting Load AppArmor profiles managed internally by snapd...
[[0;32m  OK  [0m] Started Load AppArmor profiles managed internally by snapd.
[[0;32m  OK  [0m] Started Set console font and keymap.
[[0;32m  OK  [0m] Created slice system-getty.slice.
[   11.655397] cloud-init[609]: Cloud-init v. 21.1-19-gbad84ad4-0ubuntu1~16.04.2 running 'init-local' at Sat, 10 Dec 2022 21:42:28 +0000. Up 11.52 seconds.
[[0;32m  OK  [0m] Started Initial cloud-init job (pre-networking).
[[0;32m  OK  [0m] Reached target Network (Pre).
         Starting Raise network interfaces...
[[0;32m  OK  [0m] Started Raise network interfaces.
[[0;32m  OK  [0m] Reached target Network.
         Starting Initial cloud-init job (metadata service crawler)...
[   12.191393] cloud-init[938]: Cloud-init v. 21.1-19-gbad84ad4-0ubuntu1~16.04.2 running 'init' at Sat, 10 Dec 2022 21:42:28 +0000. Up 11.95 seconds.
[   12.194724] cloud-init[938]: ci-info: ++++++++++++++++++++++++++++++++++++++Net device info+++++++++++++++++++++++++++++++++++++++
[   12.197803] cloud-init[938]: ci-info: +--------+-------+----------------------------+---------------+--------+-------------------+
[   12.200853] cloud-init[938]: ci-info: | Device |   Up  |          Address           |      Mask     | Scope  |     Hw-Address    |
[   12.204838] cloud-init[938]: ci-info: +--------+-------+----------------------------+---------------+--------+-------------------+[[0;32m  OK  [0m] Started Initial cloud-init job (metadata service crawler).
[[0;32m  OK  [0m] Reached target System Initialization.
[[0;32m  OK  [0m] Started Daily Cleanup of Temporary Directories.

         Starting Socket activation for snappy daemon.
[   12.211581] [[0;32m  OK  [0m] Started Daily apt download activities.
[[0;32m  OK  [0m] Started Daily apt upgrade and clean activities.
cloud-init         Starting LXD - unix socket.
[938]: ci-info: | enp0s3 |  True |         10.0.2.15          | 255.255.255.0 | global | 02:be:82:6b:cc:1d |
[[0;32m  OK  [0m] Started ACPI Events Check.
[   12.216755] [[0;32m  OK  [0m] Reached target Paths.
[[0;32m  OK  [0m] Listening on UUID daemon activation socket.
[[0;32m  OK  [0m] Started Message of the Day.
[[0;32m  OK  [0m] Started Ubuntu Advantage update messaging.
[[0;32m  OK  [0m] Reached target Timers.
[[0;32m  OK  [0m] Listening on ACPID Listen Socket.
[[0;32m  OK  [0m] Listening on D-Bus System Message Bus Socket.
[[0;32m  OK  [0m] Reached target Cloud-config availability.
[[0;32m  OK  [0m] Reached target Network is Online.
cloud-init[938]: ci-info: | enp0s3 |  True | fe80::be:82ff:fe6b:cc1d/64 |       .       |  link  | 02:be:82:6b:cc:1d |
[   12.224461] cloud-init[938]: ci-info: | enp0s8 | False |             .              |       .       |   .    | 08:00:27:64:cf:2d |
[   12.227131] cloud-init[938]: ci-info: |   lo   |  True |         127.0.0.1          |   255.0.0.0   |  host  |         .         |
[   12.230109] cloud-init[938]: ci-info: |   lo   |  True |          ::1/128           |       .       |  host  |         .         |
[   12.233018] cloud-init[938]: ci-info: +--------+-------+----------------------------+---------------+--------+-------------------+
[   12.235795] cloud-init[938]: ci-info: +++++++++++++++++++++++++++Route IPv4 info++++++++++++++++++++++++++++
[   12.238516] cloud-init[938]: ci-info: +-------+-------------+----------+---------------+-----------+-------+         Starting iSCSI initiator daemon (iscsid)...
[[0;32m  OK  [0m] Listening on Socket activation for snappy daemon.
[[0;32m  OK  [0m] Listening on LXD - unix socket.
[[0;32m  OK  [0m] Reached target Sockets.
[[0;32m  OK  [0m] Reached target Basic System.
         Starting Pollinate to seed the pseudo random number generator...
[[0;32m  OK  [0m] Started FUSE filesystem for LXC.
         Starting LSB: MD monitoring daemon...
         Starting System Logging Service...
         Starting LXD - container startup/shutdown...

[   12.247805] cloud-init[938]: ci-info: | Route | Destination | Gateway  |    Genmask    | Interface | Flags |
[   12.247891] cloud-init[938]: ci-info: +-------+-------------+----------+---------------+-----------+-------+
[   12.247983] cloud-init[938]: ci-info: |   0   |   0.0.0.0   | 10.0.2.2 |    0.0.0.0    |   enp0s3  |   UG  |
[[0;32m  OK  [0m] Started Regular background program processing daemon.
         Starting /etc/rc.local Compatibility...
         Starting Accounts Service...
[[0;32m  OK  [0m] Started D-Bus System Message Bus.
[   12.248381] cloud-init[938]: ci-info: |   1   |   10.0.2.0  | 0.0.0.0  | 255.255.255.0 |   enp0s3  |   U   |
[   12.274669] cloud-init[938]: ci-info: +-------+-------------+----------+---------------+-----------+-------+
[   12.282144] cloud-init[938]: ci-info: +++++++++++++++++++Route IPv6 info+++++++++++++++++++
[   12.287061] cloud-init[938]: ci-info: +-------+-------------+---------+-----------+-------+
[   12.293728] cloud-init[938]: ci-info: | Route | Destination | Gateway | Interface | Flags |
[   12.300178] cloud-init[938]: ci-info: +-------+-------------+---------+-----------+-------+
[   12.304442] [[0;32m  OK  [0m] Started Deferred execution scheduler.
         Starting LSB: Record successful boot for GRUB...
cloud-init[[0;32m  OK  [0m] Started ACPI event daemon.
         Starting Virtualbox guest utils...
         Starting Login Service...
         Starting Snap Daemon...
[[0;32m  OK  [0m] Started System Logging Service.
[938]: ci-info: |   0   |  fe80::/64  |    ::   |   enp0s3  |   U   |[[0;32m  OK  [0m] Started /etc/rc.local Compatibility.

         Starting Authenticate and Authorize Users to Run Privileged Tasks...
[[0;32m  OK  [0m] Started iSCSI initiator daemon (iscsid).
[   12.328880]          Starting Login to default iSCSI targets...
cloud-init[938]: ci-info: |   3   |   ff00::/8  |    ::   |   enp0s3  |   U   |
[   12.337102] cloud-init[938]: [[0;32m  OK  [0m] Started LSB: MD monitoring daemon.
ci-info: +-------+-------------+---------+-----------+-------+
[[0;32m  OK  [0m] Started Login to default iSCSI targets.
[   12.352583] [[0;32m  OK  [0m] Reached target Remote File Systems (Pre).
[[0;32m  OK  [0m] Reached target Remote File Systems.
         Starting Permit User Sessions...
         Starting LSB: daemon to balance interrupts for SMP systems...
         Starting LSB: automatic crash report generation...
         Starting LSB: Set the CPU Frequency Scaling governor to "ondemand"...
cloud-init[[0;32m  OK  [0m] Started Login Service.
[[0;32m  OK  [0m] Started Permit User Sessions.
         Starting Terminate Plymouth Boot Screen...
         Starting Hold until boot process finishes up...
[[0;32m  OK  [0m] Started Unattended Upgrades Shutdown.
[[0;32m  OK  [0m] Started LXD - container startup/shutdown.
[[0;32m  OK  [0m] Started Hold until boot process finishes up.
[[0;32m  OK  [0m] Started Serial Getty on ttyS0.
[[0;32m  OK  [0m] Started Getty on tty1.
[[0;32m  OK  [0m] Reached target Login Prompts.
         Starting Set console scheme...
[[0;32m  OK  [0m] Started Set console scheme.
[[0;32m  OK  [0m] Started LSB: daemon to balance interrupts for SMP systems.
[938]: Generating public/private rsa key pair.
[[0;32m  OK  [0m] Started LSB: Set the CPU Frequency Scaling governor to "ondemand".
[   12.398109] cloud-init[938]: [[0;32m  OK  [0m] Started Terminate Plymouth Boot Screen.
Your identification has been saved in /etc/ssh/ssh_host_rsa_key.[[0;32m  OK  [0m] Started LSB: Record successful boot for GRUB.

[[0;32m  OK  [0m] Started LSB: automatic crash report generation.
[[0;32m  OK  [0m] Started Authenticate and Authorize Users to Run Privileged Tasks.
[   12.418781] cloud-init[938]: Your public key has been saved in /etc/ssh/ssh_host_rsa_key.pub.
[[0;32m  OK  [0m] Started Accounts Service.
[   12.432537] cloud-init[938]: The key fingerprint is:
[   12.441812] cloud-init[938]: SHA256:B2T9hBuil7QBSYiwBeAoZHAmZYvWrS17eU0E9bTndo4 root@ubuntu-xenial
[[0;32m  OK  [0m] Started Virtualbox guest utils.
[   12.462980] cloud-init[938]: The key's randomart image is:
[   12.470688] cloud-init[938]: +---[RSA 2048]----+
[   12.478557] cloud-init[938]: |O**. oo++o o     |
[   12.481860] cloud-init[938]: |=Oo.o .o= * o    |
[   12.485638] cloud-init[938]: |=o.. . o.* B .   |
[   12.493190] cloud-init[938]: |o   o . =.. +    |
[   12.494483] cloud-init[938]: |   o . .S..  o . |
[   12.496478] cloud-init[938]: |    o . o.  . +  |
[   12.497830] cloud-init[938]: |   . o . .   E . |
[   12.499111] cloud-init[938]: |    . .          |
[   12.500459] cloud-init[938]: |                 |
[   12.502133] cloud-init[938]: +----[SHA256]-----+
[   12.503969] cloud-init[938]: Generating public/private dsa key pair.
[   12.506304] cloud-init[938]: Your identification has been saved in /etc/ssh/ssh_host_dsa_key.
[   12.508394] cloud-init[938]: Your public key has been saved in /etc/ssh/ssh_host_dsa_key.pub.
[   12.510876] cloud-init[938]: The key fingerprint is:
[   12.514868] cloud-init[938]: SHA256:mLLCx9pVAkM4HfC0ybTGWREpGHPRC4TRzpSD7DizDDo root@ubuntu-xenial
[   12.516640] cloud-init[938]: The key's randomart image is:
[   12.518831] cloud-init[938]: +---[DSA 1024]----+
[   12.520095] cloud-init[938]: | .=%O=++         |
[   12.521389] cloud-init[938]: |  BXO*o          |
[   12.522575] cloud-init[938]: | o =%+ .         |
[   12.523763] cloud-init[938]: |= ..oo.o         |
[   12.524964] cloud-init[938]: |++  . + S        |
[   12.526140] cloud-init[938]: |Eo . o o         |
[   12.527299] cloud-init[938]: | .o + .          |
[   12.528937] cloud-init[938]: |   = .           |
[   12.530052] cloud-init[938]: |  . .            |
[   12.531206] cloud-init[938]: +----[SHA256]-----+
[   12.535534] cloud-init[938]: Generating public/private ecdsa key pair.
[   12.537696] cloud-init[938]: Your identification has been saved in /etc/ssh/ssh_host_ecdsa_key.
[   12.540104] cloud-init[938]: Your public key has been saved in /etc/ssh/ssh_host_ecdsa_key.pub.
[   12.542300] cloud-init[938]: The key fingerprint is:
[   12.543790] cloud-init[938]: SHA256:xkpalDO5Je7NSeC6ksKRlK+sCZm4Vb+dYxCrQQxIO4w root@ubuntu-xenial
[   12.545639] cloud-init[938]: The key's randomart image is:
[   12.546962] cloud-init[938]: +---[ECDSA 256]---+
[   12.548423] cloud-init[938]: |.o               |
[   12.549732] cloud-init[938]: |+ o    o         |
[   12.551023] cloud-init[938]: |E+.o  O .        |
[   12.552307] cloud-init[938]: | o. o+.O         |
[   12.553805] cloud-init[938]: |. o.. *oS        |
[   12.555008] cloud-init[938]: |.= o.Bo* .       |
[   12.557188] cloud-init[938]: |B +.oo+.+        |
[   12.559201] cloud-init[938]: |oBo .. oo.       |
[   12.562947] cloud-init[938]: |=. .. ..o.       |
[   12.564694] cloud-init[938]: +----[SHA256]-----+
[   12.566306] cloud-init[938]: Generating public/private ed25519 key pair.
[   12.568383] cloud-init[938]: Your identification has been saved in /etc/ssh/ssh_host_ed25519_key.
[   12.570288] cloud-init[938]: Your public key has been saved in /etc/ssh/ssh_host_ed25519_key.pub.
[   12.572413] cloud-init[938]: The key fingerprint is:
[   12.573785] cloud-init[938]: SHA256:FTv+yGeqhs/dDQ7cCXoHvs+sEhq9pEU+8zPPMNgSKuI root@ubuntu-xenial
[   12.575606] cloud-init[938]: The key's randomart image is:
[   12.576911] cloud-init[938]: +--[ED25519 256]--+
[   12.578161] cloud-init[938]: |          .      |
[   12.579345] cloud-init[938]: |           o     |
[   12.580839] cloud-init[938]: |          +      |
[   12.582288] cloud-init[938]: |        .o .     |
[   12.583653] cloud-init[938]: |       +S +      |
[   12.585100] cloud-init[938]: |      ..OO * .   |
[   12.586352] cloud-init[938]: |  . . .B+*@ O    |
[   12.589211] cloud-init[938]: | . . .+.+++/ o   |
[   12.590944] cloud-init[938]: |  E    o+o=*O .  |
[   12.592897] cloud-init[938]: +----[SHA256]-----+
[[0;32m  OK  [0m] Started Snap Daemon.
         Starting Wait until snapd is fully seeded...
[[0;32m  OK  [0m] Started Pollinate to seed the pseudo random number generator.
         Starting OpenBSD Secure Shell server...
[[0;32m  OK  [0m] Started OpenBSD Secure Shell server.
[[0;32m  OK  [0m] Started Wait until snapd is fully seeded.
[[0;32m  OK  [0m] Reached target Multi-User System.
[[0;32m  OK  [0m] Reached target Graphical Interface.
         Starting Update UTMP about System Runlevel Changes...
         Starting Apply the settings specified in cloud-config...
[[0;32m  OK  [0m] Started Update UTMP about System Runlevel Changes.
[   16.932979] cloud-init[1290]: Generating locales (this might take a while)...
[   17.311521] cloud-init[1290]:   en_US.UTF-8... done
[   17.314544] cloud-init[1290]: Generation complete.
[   17.473120] cloud-init[1290]: Cloud-init v. 21.1-19-gbad84ad4-0ubuntu1~16.04.2 running 'modules:config' at Sat, 10 Dec 2022 21:42:33 +0000. Up 16.88 seconds.
ci-info: no authorized SSH keys fingerprints found for user ubuntu.
<14>Dec 10 21:42:34 ec2: 
<14>Dec 10 21:42:34 ec2: #############################################################
<14>Dec 10 21:42:34 ec2: -----BEGIN SSH HOST KEY FINGERPRINTS-----
<14>Dec 10 21:42:34 ec2: 1024 SHA256:mLLCx9pVAkM4HfC0ybTGWREpGHPRC4TRzpSD7DizDDo root@ubuntu-xenial (DSA)
<14>Dec 10 21:42:34 ec2: 256 SHA256:xkpalDO5Je7NSeC6ksKRlK+sCZm4Vb+dYxCrQQxIO4w root@ubuntu-xenial (ECDSA)
<14>Dec 10 21:42:34 ec2: 256 SHA256:FTv+yGeqhs/dDQ7cCXoHvs+sEhq9pEU+8zPPMNgSKuI root@ubuntu-xenial (ED25519)
<14>Dec 10 21:42:34 ec2: 2048 SHA256:B2T9hBuil7QBSYiwBeAoZHAmZYvWrS17eU0E9bTndo4 root@ubuntu-xenial (RSA)
<14>Dec 10 21:42:34 ec2: -----END SSH HOST KEY FINGERPRINTS-----
<14>Dec 10 21:42:34 ec2: #############################################################
-----BEGIN SSH HOST KEY KEYS-----
ecdsa-sha2-nistp256 AAAAE2VjZHNhLXNoYTItbmlzdHAyNTYAAAAIbmlzdHAyNTYAAABBBCLPMn+6LFdKfMIfZT76TG4ovJjCfKprEKrqw72IuDLfWsbpo9d2HiTcSE6ThQZvWyI0fRtdXLlAwsMnvEpHSbM= root@ubuntu-xenial
ssh-ed25519 AAAAC3NzaC1lZDI1NTE5AAAAIGUMGPFnCfYKrnvPXSOMANQA/s02oomKcsgHns3Jdd7o root@ubuntu-xenial
ssh-rsa AAAAB3NzaC1yc2EAAAADAQABAAABAQDX5qsP2i2qTwgHLq2jaAspHiiCn6bqFvZkzIs4/9480lzIfsuByY4xDIRAiLh26JrQ55n2o66uWafd1PN3Q39oP12LpK1Oc9gIeeif8mkjNOj0ssaDcoOZ6N0fpq7oolOsUw0qVS8bsUfEILOpZywgtLpflmZ9/3wsuBrrbGyz+zrFg2PIHTLI/QcgUg/b6RSbYpKhhIM7xh+JEtXGrEyQhcMRpiEvTQwSEE14L00VT0bbgD54OfaU3n5OxIUe7AnsLlaJoLP22KsSzlygZJlpdZzMs+hiuyuvLLglIXZRgBgcjV3VfvZL4a/U28isro91H2f4Hk7z9Hqi8DF49Dxx root@ubuntu-xenial
-----END SSH HOST KEY KEYS-----
[   17.676107] cloud-init[1337]: Cloud-init v. 21.1-19-gbad84ad4-0ubuntu1~16.04.2 running 'modules:final' at Sat, 10 Dec 2022 21:42:34 +0000. Up 17.60 seconds.
[   17.676250] cloud-init[1337]: ci-info: no authorized SSH keys fingerprints found for user ubuntu.
[   17.676289] cloud-init[1337]: Cloud-init v. 21.1-19-gbad84ad4-0ubuntu1~16.04.2 finished at Sat, 10 Dec 2022 21:42:34 +0000. Datasource DataSourceNoCloud [seed=/dev/sdb][dsmode=net].  Up 17.66 seconds

Ubuntu 16.04.7 LTS ubuntu-xenial ttyS0

ubuntu-xenial login: 